<?xml version="1.0" encoding="UTF-8"?>
<testsuite name="Logika.RegisterLogikaTest" time="0.699" tests="2" errors="1" skipped="0" failures="0">
  <properties>
[...]
</properties>
  <testcase name="testUnetiUbazu1" classname="Logika.RegisterLogikaTest" time="0.476"/>
  <testcase name="testUnetiUbazu" classname="Logika.RegisterLogikaTest" time="0.223">
    <error type="java.lang.ExceptionInInitializerError:"><![CDATA[java.lang.ExceptionInInitializerError: null
	at com.sun.javafx.application.PlatformImpl.runLater(PlatformImpl.java:273)
	at com.sun.javafx.application.PlatformImpl.runLater(PlatformImpl.java:268)
	at com.sun.javafx.application.PlatformImpl.setPlatformUserAgentStylesheet(PlatformImpl.java:550)
	at com.sun.javafx.application.PlatformImpl.setDefaultPlatformUserAgentStylesheet(PlatformImpl.java:512)
	at javafx.scene.control.Control.<clinit>(Control.java:87)
	at javafx.scene.control.DialogPane.createContentLabel(DialogPane.java:167)
	at javafx.scene.control.DialogPane.<init>(DialogPane.java:218)
	at javafx.scene.control.Dialog.<init>(Dialog.java:506)
	at javafx.scene.control.Alert.<init>(Alert.java:245)
	at javafx.scene.control.Alert.<init>(Alert.java:223)
	at Logika.RegisterLogika.unetiUbazu(RegisterLogika.java:23)
	at Logika.RegisterLogikaTest.testUnetiUbazu(RegisterLogikaTest.java:20)
]]></error>
  </testcase>
</testsuite>